[debug] [2026-07-14T12:52:32.318Z] ----------------------------------------------------------------------
[debug] [2026-07-14T12:52:32.319Z] Command:       C:\Program Files\nodejs\node.exe C:\Users\balaj\AppData\Local\npm-cache\_npx\7750544ccf494d8b\node_modules\firebase-tools\lib\bin\firebase.js deploy --only hosting --project ev-crm-realtime --non-interactive
[debug] [2026-07-14T12:52:32.320Z] CLI Version:   15.23.0
[debug] [2026-07-14T12:52:32.320Z] Platform:      win32
[debug] [2026-07-14T12:52:32.320Z] Node Version:  v24.14.1
[debug] [2026-07-14T12:52:32.320Z] Detected Agent: antigravity
[debug] [2026-07-14T12:52:32.320Z] Time:          Tue Jul 14 2026 18:22:32 GMT+0530 (India Standard Time)
[debug] [2026-07-14T12:52:32.320Z] ----------------------------------------------------------------------
[debug] 
[debug] [2026-07-14T12:52:34.514Z] > command requires scopes: ["email","openid","https://www.googleapis.com/auth/cloudplatformprojects.readonly","https://www.googleapis.com/auth/firebase","https://www.googleapis.com/auth/cloud-platform"]
[debug] [2026-07-14T12:52:34.515Z] > authorizing via signed-in user (scaleverse99@gmail.com)
[debug] [2026-07-14T12:52:34.515Z] [iam] checking project ev-crm-realtime for permissions ["firebase.projects.get","firebasehosting.sites.update"]
[debug] [2026-07-14T12:52:34.527Z] Checked if tokens are valid: false, expires at: 1784033915336
[debug] [2026-07-14T12:52:34.528Z] Checked if tokens are valid: false, expires at: 1784033915336
[debug] [2026-07-14T12:52:34.528Z] > refreshing access token with scopes: []
[debug] [2026-07-14T12:52:34.529Z] >>> [apiv2][query] POST https://www.googleapis.com/oauth2/v3/token [none]
[debug] [2026-07-14T12:52:34.529Z] >>> [apiv2][body] POST https://www.googleapis.com/oauth2/v3/token [omitted]
[debug] [2026-07-14T12:52:34.968Z] <<< [apiv2][status] POST https://www.googleapis.com/oauth2/v3/token 200
[debug] [2026-07-14T12:52:34.968Z] <<< [apiv2][body] POST https://www.googleapis.com/oauth2/v3/token [omitted]
[debug] [2026-07-14T12:52:34.976Z] >>> [apiv2][query] POST https://cloudresourcemanager.googleapis.com/v1/projects/ev-crm-realtime:testIamPermissions [none]
[debug] [2026-07-14T12:52:34.976Z] >>> [apiv2][(partial)header] POST https://cloudresourcemanager.googleapis.com/v1/projects/ev-crm-realtime:testIamPermissions  x-goog-user-project=ev-crm-realtime
[debug] [2026-07-14T12:52:34.976Z] >>> [apiv2][body] POST https://cloudresourcemanager.googleapis.com/v1/projects/ev-crm-realtime:testIamPermissions {"permissions":["firebase.projects.get","firebasehosting.sites.update"]}
[debug] [2026-07-14T12:52:36.396Z] <<< [apiv2][status] POST https://cloudresourcemanager.googleapis.com/v1/projects/ev-crm-realtime:testIamPermissions 200
[debug] [2026-07-14T12:52:36.397Z] <<< [apiv2][body] POST https://cloudresourcemanager.googleapis.com/v1/projects/ev-crm-realtime:testIamPermissions {"permissions":["firebase.projects.get","firebasehosting.sites.update"]}
[debug] [2026-07-14T12:52:36.397Z] Checked if tokens are valid: true, expires at: 1784037153968
[debug] [2026-07-14T12:52:36.397Z] Checked if tokens are valid: true, expires at: 1784037153968
[debug] [2026-07-14T12:52:36.397Z] >>> [apiv2][query] GET https://firebase.googleapis.com/v1beta1/projects/ev-crm-realtime [none]
[debug] [2026-07-14T12:52:37.197Z] <<< [apiv2][status] GET https://firebase.googleapis.com/v1beta1/projects/ev-crm-realtime 200
[debug] [2026-07-14T12:52:37.197Z] <<< [apiv2][body] GET https://firebase.googleapis.com/v1beta1/projects/ev-crm-realtime {"projectId":"ev-crm-realtime","projectNumber":"541020907374","displayName":"ev-crm-realtime","name":"projects/ev-crm-realtime","resources":{"hostingSite":"ev-crm-realtime"},"state":"ACTIVE","labels":{"firebase":"enabled"},"etag":"1_b70ab6c2-69c1-44ae-a4aa-4ef3ff32e9b7"}
[debug] [2026-07-14T12:52:41.559Z] defaultcredentials: writing to file C:\Users\balaj\AppData\Roaming\firebase\scaleverse99_gmail_com_application_default_credentials.json
[debug] [2026-07-14T12:52:41.561Z] Checked if tokens are valid: true, expires at: 1784037153968
[debug] [2026-07-14T12:52:41.561Z] Checked if tokens are valid: true, expires at: 1784037153968
[debug] [2026-07-14T12:52:41.561Z] >>> [apiv2][query] GET https://firebasehosting.googleapis.com/v1beta1/projects/ev-crm-realtime/sites pageToken=&pageSize=10
[debug] [2026-07-14T12:52:42.978Z] <<< [apiv2][status] GET https://firebasehosting.googleapis.com/v1beta1/projects/ev-crm-realtime/sites 200
[debug] [2026-07-14T12:52:42.979Z] <<< [apiv2][body] GET https://firebasehosting.googleapis.com/v1beta1/projects/ev-crm-realtime/sites {"sites":[{"name":"projects/ev-crm-realtime/sites/ev-crm-realtime","defaultUrl":"https://ev-crm-realtime.web.app","appId":"1:541020907374:web:af6fe378425606d8d5837f","type":"DEFAULT_SITE"}]}
[debug] [2026-07-14T12:52:42.979Z] Checked if tokens are valid: true, expires at: 1784037153968
[debug] [2026-07-14T12:52:42.979Z] Checked if tokens are valid: true, expires at: 1784037153968
[debug] [2026-07-14T12:52:42.979Z] >>> [apiv2][query] GET https://firebase.googleapis.com/v1beta1/projects/-/webApps/1:541020907374:web:af6fe378425606d8d5837f/config [none]
[debug] [2026-07-14T12:52:45.302Z] <<< [apiv2][status] GET https://firebase.googleapis.com/v1beta1/projects/-/webApps/1:541020907374:web:af6fe378425606d8d5837f/config 200
[debug] [2026-07-14T12:52:45.302Z] <<< [apiv2][body] GET https://firebase.googleapis.com/v1beta1/projects/-/webApps/1:541020907374:web:af6fe378425606d8d5837f/config {"projectId":"ev-crm-realtime","appId":"1:541020907374:web:af6fe378425606d8d5837f","storageBucket":"ev-crm-realtime.firebasestorage.app","apiKey":"AIzaSyCUDXTaFBSsUSYoeRZ34L83DwVqtIliHIY","authDomain":"ev-crm-realtime.firebaseapp.com","messagingSenderId":"541020907374","measurementId":"G-HT3PD7MVSD","projectNumber":"541020907374","version":"2"}
[info] 
   Thank you for trying our early preview of Next.js support on Firebase Hosting.
   During the preview, support is best-effort and breaking changes can be expected. Proceed with caution.

   Documentation: https://firebase.google.com/docs/hosting/frameworks/nextjs
   File a bug: https://github.com/firebase/firebase-tools/issues/new?template=bug_report.md
   Submit a feature request: https://github.com/firebase/firebase-tools/issues/new?template=feature_request.md

   We'd love to learn from you. Express your interest in helping us shape the future of Firebase Hosting: https://goo.gle/41enW5X

[debug] [2026-07-14T12:52:55.664Z] Checked if tokens are valid: true, expires at: 1784037153968
[debug] [2026-07-14T12:52:55.664Z] Checked if tokens are valid: true, expires at: 1784037153968
[debug] [2026-07-14T12:52:55.664Z] >>> [apiv2][query] GET https://firebasehosting.googleapis.com/v1beta1/projects/ev-crm-realtime/sites/ev-crm-realtime [none]
[debug] [2026-07-14T12:52:56.950Z] <<< [apiv2][status] GET https://firebasehosting.googleapis.com/v1beta1/projects/ev-crm-realtime/sites/ev-crm-realtime 200
[debug] [2026-07-14T12:52:56.951Z] <<< [apiv2][body] GET https://firebasehosting.googleapis.com/v1beta1/projects/ev-crm-realtime/sites/ev-crm-realtime {"name":"projects/ev-crm-realtime/sites/ev-crm-realtime","defaultUrl":"https://ev-crm-realtime.web.app","appId":"1:541020907374:web:af6fe378425606d8d5837f","type":"DEFAULT_SITE"}
[info]   ▲ Next.js 14.2.5

[info]   - Environments: .env.local, .env.production, .env


[info]    Creating an optimized production build ...

[info] <w> [webpack.cache.PackFileCacheStrategy] Caching failed for pack: Error: ENOENT: no such file or directory, stat 'C:\Users\balaj\Downloads\EvCRM_MVP_Complete\evcrm-mvp\.next\cache\webpack\server-production\2.pack'

[info]  ✓ Compiled successfully

[info]    Linting and checking validity of types ...

[info]    Collecting page data ...

[info] unhandledRejection Error [PageNotFoundError]: Cannot find module for page: /_document
    at getPagePath (C:\Users\balaj\Downloads\EvCRM_MVP_Complete\evcrm-mvp\node_modules\next\dist\server\require.js:94:15)
    at requirePage (C:\Users\balaj\Downloads\EvCRM_MVP_Complete\evcrm-mvp\node_modules\next\dist\server\require.js:99:22)
    at C:\Users\balaj\Downloads\EvCRM_MVP_Complete\evcrm-mvp\node_modules\next\dist\server\load-components.js:72:65
    at process.processTicksAndRejections (node:internal/process/task_queues:104:5)
    at async Promise.all (index 0)
    at async loadComponentsImpl (C:\Users\balaj\Downloads\EvCRM_MVP_Complete\evcrm-mvp\node_modules\next\dist\server\load-components.js:71:33)
    at async Object.getDefinedNamedExports (C:\Users\balaj\Downloads\EvCRM_MVP_Complete\evcrm-mvp\node_modules\next\dist\build\utils.js:1289:24) {
  type: 'PageNotFoundError',
  code: 'ENOENT'
}

[debug] [2026-07-14T12:53:25.998Z] Error: ENOENT: no such file or directory, open 'C:\Users\balaj\Downloads\EvCRM_MVP_Complete\evcrm-mvp\.next\export-marker.json'
[error] 
[error] Error: An unexpected error has occurred.
